# JRE version: 6.0_30-b30
# Java VM: OpenJDK 64-Bit Server VM (23.25-b01 mixed mode linux-amd64 compressed oops)
Heap
 PSYoungGen      total 68608K, used 25699K [0x00000007d6cb0000, 0x00000007df2b0000, 0x0000000800000000)
  eden space 63360K, 40% used [0x00000007d6cb0000,0x00000007d85c8fc0,0x00000007daa90000)
  from space 5248K, 0% used [0x00000007daa90000,0x00000007daa90000,0x00000007dafb0000)
  to   space 5248K, 0% used [0x00000007ded90000,0x00000007ded90000,0x00000007df2b0000)
 ParOldGen       total 87616K, used 23930K [0x0000000784600000, 0x0000000789b90000, 0x00000007d6cb0000)
  object space 87616K, 27% used [0x0000000784600000,0x0000000785d5ebd8,0x0000000789b90000)
 PSPermGen       total 46272K, used 23428K [0x000000077a000000, 0x000000077cd30000, 0x0000000784600000)
  object space 46272K, 50% used [0x000000077a000000,0x000000077b6e1270,0x000000077cd30000)
GC Heap History (8 events):
Event: 0.203 GC heap before
{Heap before GC invocations=1 (full 0):
 PSYoungGen      total 36928K, used 31680K [0x00000007d6cb0000, 0x00000007d95e0000, 0x0000000800000000)
  eden space 31680K, 100% used [0x00000007d6cb0000,0x00000007d8ba0000,0x00000007d8ba0000)
  from space 5248K, 0% used [0x00000007d90c0000,0x00000007d90c0000,0x00000007d95e0000)
  to   space 5248K, 0% used [0x00000007d8ba0000,0x00000007d8ba0000,0x00000007d90c0000)
 ParOldGen       total 84352K, used 0K [0x0000000784600000, 0x0000000789860000, 0x00000007d6cb0000)
  object space 84352K, 0% used [0x0000000784600000,0x0000000784600000,0x0000000789860000)
 PSPermGen       total 21248K, used 2788K [0x000000077a000000, 0x000000077b4c0000, 0x0000000784600000)
  object space 21248K, 13% used [0x000000077a000000,0x000000077a2b93e8,0x000000077b4c0000)
Event: 0.210 GC heap after
Heap after GC invocations=1 (full 0):
 PSYoungGen      total 36928K, used 5236K [0x00000007d6cb0000, 0x00000007db4d0000, 0x0000000800000000)
  eden space 31680K, 0% used [0x00000007d6cb0000,0x00000007d6cb0000,0x00000007d8ba0000)
  from space 5248K, 99% used [0x00000007d8ba0000,0x00000007d90bd210,0x00000007d90c0000)
  to   space 5248K, 0% used [0x00000007dafb0000,0x00000007dafb0000,0x00000007db4d0000)
 ParOldGen       total 84352K, used 13974K [0x0000000784600000, 0x0000000789860000, 0x00000007d6cb0000)
  object space 84352K, 16% used [0x0000000784600000,0x00000007853a5ab8,0x0000000789860000)
 PSPermGen       total 21248K, used 2788K [0x000000077a000000, 0x000000077b4c0000, 0x0000000784600000)
  object space 21248K, 13% used [0x000000077a000000,0x000000077a2b93e8,0x000000077b4c0000)
}
Event: 0.323 GC heap before
{Heap before GC invocations=2 (full 0):
 PSYoungGen      total 36928K, used 36916K [0x00000007d6cb0000, 0x00000007db4d0000, 0x0000000800000000)
  eden space 31680K, 100% used [0x00000007d6cb0000,0x00000007d8ba0000,0x00000007d8ba0000)
  from space 5248K, 99% used [0x00000007d8ba0000,0x00000007d90bd210,0x00000007d90c0000)
  to   space 5248K, 0% used [0x00000007dafb0000,0x00000007dafb0000,0x00000007db4d0000)
 ParOldGen       total 84352K, used 13974K [0x0000000784600000, 0x0000000789860000, 0x00000007d6cb0000)
  object space 84352K, 16% used [0x0000000784600000,0x00000007853a5ab8,0x0000000789860000)
 PSPermGen       total 21248K, used 4562K [0x000000077a000000, 0x000000077b4c0000, 0x0000000784600000)
  object space 21248K, 21% used [0x000000077a000000,0x000000077a4749e8,0x000000077b4c0000)
Event: 0.329 GC heap after
Heap after GC invocations=2 (full 0):
 PSYoungGen      total 68608K, used 5230K [0x00000007d6cb0000, 0x00000007db4d0000, 0x0000000800000000)
  eden space 63360K, 0% used [0x00000007d6cb0000,0x00000007d6cb0000,0x00000007daa90000)
  from space 5248K, 99% used [0x00000007dafb0000,0x00000007db4cbab8,0x00000007db4d0000)
  to   space 5248K, 0% used [0x00000007daa90000,0x00000007daa90000,0x00000007dafb0000)
 ParOldGen       total 84352K, used 35724K [0x0000000784600000, 0x0000000789860000, 0x00000007d6cb0000)
  object space 84352K, 42% used [0x0000000784600000,0x00000007868e31e8,0x0000000789860000)
 PSPermGen       total 21248K, used 4562K [0x000000077a000000, 0x000000077b4c0000, 0x0000000784600000)
  object space 21248K, 21% used [0x000000077a000000,0x000000077a4749e8,0x000000077b4c0000)
}
Event: 1007.438 GC heap before
{Heap before GC invocations=3 (full 0):
 PSYoungGen      total 68608K, used 68590K [0x00000007d6cb0000, 0x00000007db4d0000, 0x0000000800000000)
  eden space 63360K, 100% used [0x00000007d6cb0000,0x00000007daa90000,0x00000007daa90000)
  from space 5248K, 99% used [0x00000007dafb0000,0x00000007db4cbab8,0x00000007db4d0000)
  to   space 5248K, 0% used [0x00000007daa90000,0x00000007daa90000,0x00000007dafb0000)
 ParOldGen       total 84352K, used 35724K [0x0000000784600000, 0x0000000789860000, 0x00000007d6cb0000)
  object space 84352K, 42% used [0x0000000784600000,0x00000007868e31e8,0x0000000789860000)
 PSPermGen       total 23168K, used 23142K [0x000000077a000000, 0x000000077b6a0000, 0x0000000784600000)
  object space 23168K, 99% used [0x000000077a000000,0x000000077b699818,0x000000077b6a0000)
Event: 1007.454 GC heap after
Heap after GC invocations=3 (full 0):
 PSYoungGen      total 68608K, used 5230K [0x00000007d6cb0000, 0x00000007df2b0000, 0x0000000800000000)
  eden space 63360K, 0% used [0x00000007d6cb0000,0x00000007d6cb0000,0x00000007daa90000)
  from space 5248K, 99% used [0x00000007daa90000,0x00000007dafabab8,0x00000007dafb0000)
  to   space 5248K, 0% used [0x00000007ded90000,0x00000007ded90000,0x00000007df2b0000)
 ParOldGen       total 84352K, used 63764K [0x0000000784600000, 0x0000000789860000, 0x00000007d6cb0000)
  object space 84352K, 75% used [0x0000000784600000,0x0000000788445350,0x0000000789860000)
 PSPermGen       total 23168K, used 23142K [0x000000077a000000, 0x000000077b6a0000, 0x0000000784600000)
  object space 23168K, 99% used [0x000000077a000000,0x000000077b699818,0x000000077b6a0000)
}
Event: 1007.454 GC heap before
{Heap before GC invocations=4 (full 1):
 PSYoungGen      total 68608K, used 5230K [0x00000007d6cb0000, 0x00000007df2b0000, 0x0000000800000000)
  eden space 63360K, 0% used [0x00000007d6cb0000,0x00000007d6cb0000,0x00000007daa90000)
  from space 5248K, 99% used [0x00000007daa90000,0x00000007dafabab8,0x00000007dafb0000)
  to   space 5248K, 0% used [0x00000007ded90000,0x00000007ded90000,0x00000007df2b0000)
 ParOldGen       total 84352K, used 63764K [0x0000000784600000, 0x0000000789860000, 0x00000007d6cb0000)
  object space 84352K, 75% used [0x0000000784600000,0x0000000788445350,0x0000000789860000)
 PSPermGen       total 23168K, used 23142K [0x000000077a000000, 0x000000077b6a0000, 0x0000000784600000)
  object space 23168K, 99% used [0x000000077a000000,0x000000077b699818,0x000000077b6a0000)
Event: 1007.507 GC heap after
Heap after GC invocations=4 (full 1):
 PSYoungGen      total 68608K, used 0K [0x00000007d6cb0000, 0x00000007df2b0000, 0x0000000800000000)
  eden space 63360K, 0% used [0x00000007d6cb0000,0x00000007d6cb0000,0x00000007daa90000)
  from space 5248K, 0% used [0x00000007daa90000,0x00000007daa90000,0x00000007dafb0000)
  to   space 5248K, 0% used [0x00000007ded90000,0x00000007ded90000,0x00000007df2b0000)
 ParOldGen       total 87616K, used 23930K [0x0000000784600000, 0x0000000789b90000, 0x00000007d6cb0000)
  object space 87616K, 27% used [0x0000000784600000,0x0000000785d5ebd8,0x0000000789b90000)
 PSPermGen       total 46272K, used 23127K [0x000000077a000000, 0x000000077cd30000, 0x0000000784600000)
  object space 46272K, 49% used [0x000000077a000000,0x000000077b695cf0,0x000000077cd30000)
}

